[1220/172301:ERROR:renderer_main.cc(212)] Running without renderer sandbox
[1220/172446:ERROR:renderer_main.cc(212)] Running without renderer sandbox
[1220/173841:ERROR:renderer_main.cc(212)] Running without renderer sandbox
[1220/182023:ERROR:renderer_main.cc(212)] Running without renderer sandbox
[1220/182414:ERROR:renderer_main.cc(212)] Running without renderer sandbox
[1220/200130:ERROR:renderer_main.cc(212)] Running without renderer sandbox
[1220/200329:ERROR:renderer_main.cc(212)] Running without renderer sandbox
[1220/200448:ERROR:renderer_main.cc(212)] Running without renderer sandbox
[1220/200506:WARNING:raw_channel_win.cc(471)] WriteFile: 管道正在被关闭。 (0xE8)
[1220/200506:WARNING:channel.cc(553)] Failed to send message to ack remove remote endpoint (local ID 1, remote ID 1)
[1221/102919:ERROR:renderer_main.cc(212)] Running without renderer sandbox
[1221/104732:ERROR:renderer_main.cc(212)] Running without renderer sandbox
[1221/104749:WARNING:raw_channel_win.cc(471)] WriteFile: 管道正在被关闭。 (0xE8)
[1221/104749:WARNING:channel.cc(553)] Failed to send message to ack remove remote endpoint (local ID 1, remote ID 1)
[1221/135652:ERROR:renderer_main.cc(212)] Running without renderer sandbox
[1221/140916:WARNING:raw_channel_win.cc(471)] WriteFile: 管道正在被关闭。 (0xE8)
[1221/140916:WARNING:channel.cc(553)] Failed to send message to ack remove remote endpoint (local ID 1, remote ID 1)
[1221/154152:ERROR:renderer_main.cc(212)] Running without renderer sandbox
[1221/154626:ERROR:renderer_main.cc(212)] Running without renderer sandbox
[1222/152014:ERROR:renderer_main.cc(212)] Running without renderer sandbox
[1222/155305:ERROR:renderer_main.cc(212)] Running without renderer sandbox
[1222/164909:ERROR:renderer_main.cc(212)] Running without renderer sandbox
[1222/191833:ERROR:renderer_main.cc(212)] Running without renderer sandbox
[1222/192253:WARNING:raw_channel_win.cc(471)] WriteFile: 管道正在被关闭。 (0xE8)
[1222/192253:WARNING:channel.cc(553)] Failed to send message to ack remove remote endpoint (local ID 1, remote ID 1)
[1222/205035:ERROR:renderer_main.cc(212)] Running without renderer sandbox
[1226/194324:ERROR:renderer_main.cc(212)] Running without renderer sandbox
[1226/230047:ERROR:renderer_main.cc(212)] Running without renderer sandbox
[1227/010622:ERROR:renderer_main.cc(212)] Running without renderer sandbox
[1228/091830:ERROR:renderer_main.cc(212)] Running without renderer sandbox
[1228/155058:ERROR:renderer_main.cc(212)] Running without renderer sandbox
[1228/155221:WARNING:raw_channel_win.cc(471)] WriteFile: 管道正在被关闭。 (0xE8)
[1228/155221:WARNING:channel.cc(553)] Failed to send message to remove remote endpoint (local ID 1, remote ID 1)
[1228/162419:ERROR:renderer_main.cc(212)] Running without renderer sandbox
[1228/163703:ERROR:renderer_main.cc(212)] Running without renderer sandbox
[1228/165543:ERROR:renderer_main.cc(212)] Running without renderer sandbox
[1228/192000:ERROR:renderer_main.cc(212)] Running without renderer sandbox
[1229/113428:ERROR:renderer_main.cc(212)] Running without renderer sandbox
[1229/150542:ERROR:renderer_main.cc(212)] Running without renderer sandbox
[1229/164652:ERROR:renderer_main.cc(212)] Running without renderer sandbox
[1229/164657:ERROR:ipc_channel_win.cc(412)] pipe error: 232
[1229/175404:ERROR:renderer_main.cc(212)] Running without renderer sandbox
[1229/175412:WARNING:raw_channel_win.cc(471)] WriteFile: 管道正在被关闭。 (0xE8)
[1229/175412:WARNING:channel.cc(553)] Failed to send message to ack remove remote endpoint (local ID 1, remote ID 1)
[1229/192730:ERROR:renderer_main.cc(212)] Running without renderer sandbox
[1230/091408:ERROR:renderer_main.cc(212)] Running without renderer sandbox
[0103/150136:ERROR:renderer_main.cc(212)] Running without renderer sandbox
[0103/150205:ERROR:ipc_channel_win.cc(412)] pipe error: 232
[0103/154759:ERROR:renderer_main.cc(212)] Running without renderer sandbox
[0103/161336:ERROR:renderer_main.cc(212)] Running without renderer sandbox
[0103/162506:ERROR:renderer_main.cc(212)] Running without renderer sandbox
[0103/162514:WARNING:raw_channel_win.cc(471)] WriteFile: 管道正在被关闭。 (0xE8)
[0103/162514:WARNING:channel.cc(553)] Failed to send message to ack remove remote endpoint (local ID 1, remote ID 1)
[0103/164036:ERROR:renderer_main.cc(212)] Running without renderer sandbox
[0103/164038:WARNING:raw_channel_win.cc(471)] WriteFile: 管道正在被关闭。 (0xE8)
[0103/164038:WARNING:channel.cc(553)] Failed to send message to ack remove remote endpoint (local ID 1, remote ID 1)
[0105/211540:ERROR:renderer_main.cc(212)] Running without renderer sandbox
[0106/100517:ERROR:renderer_main.cc(212)] Running without renderer sandbox
[0106/100742:ERROR:renderer_main.cc(212)] Running without renderer sandbox
[0106/100753:WARNING:raw_channel_win.cc(471)] WriteFile: 管道正在被关闭。 (0xE8)
[0106/100753:WARNING:channel.cc(553)] Failed to send message to ack remove remote endpoint (local ID 1, remote ID 1)
[0107/121050:ERROR:renderer_main.cc(212)] Running without renderer sandbox
[0107/134925:WARNING:raw_channel_win.cc(471)] WriteFile: 管道正在被关闭。 (0xE8)
[0107/134925:WARNING:channel.cc(553)] Failed to send message to ack remove remote endpoint (local ID 1, remote ID 1)
[0107/141009:ERROR:renderer_main.cc(212)] Running without renderer sandbox
[0107/141305:WARNING:raw_channel_win.cc(471)] WriteFile: 管道正在被关闭。 (0xE8)
[0107/141305:WARNING:channel.cc(553)] Failed to send message to ack remove remote endpoint (local ID 1, remote ID 1)
[0107/141603:ERROR:renderer_main.cc(212)] Running without renderer sandbox
[0107/141620:WARNING:raw_channel_win.cc(471)] WriteFile: 管道正在被关闭。 (0xE8)
[0107/141620:WARNING:channel.cc(553)] Failed to send message to ack remove remote endpoint (local ID 1, remote ID 1)
[0107/145237:ERROR:renderer_main.cc(212)] Running without renderer sandbox
[0107/160831:ERROR:renderer_main.cc(212)] Running without renderer sandbox
[0108/141415:ERROR:renderer_main.cc(212)] Running without renderer sandbox
[0108/171724:ERROR:renderer_main.cc(212)] Running without renderer sandbox
[0111/172649:ERROR:renderer_main.cc(212)] Running without renderer sandbox
[0112/171029:ERROR:renderer_main.cc(212)] Running without renderer sandbox
[0113/101036:ERROR:renderer_main.cc(212)] Running without renderer sandbox
[0113/101038:ERROR:renderer_main.cc(212)] Running without renderer sandbox
[0113/162034:ERROR:renderer_main.cc(212)] Running without renderer sandbox
[0113/165108:ERROR:renderer_main.cc(212)] Running without renderer sandbox
[0113/165209:WARNING:raw_channel_win.cc(471)] WriteFile: 管道正在被关闭。 (0xE8)
[0113/165209:WARNING:channel.cc(553)] Failed to send message to ack remove remote endpoint (local ID 1, remote ID 1)
[0113/171535:ERROR:renderer_main.cc(212)] Running without renderer sandbox
[0114/091030:ERROR:renderer_main.cc(212)] Running without renderer sandbox
[0114/094511:ERROR:renderer_main.cc(212)] Running without renderer sandbox
[0115/172823:ERROR:renderer_main.cc(212)] Running without renderer sandbox
[0115/172833:ERROR:renderer_main.cc(212)] Running without renderer sandbox
[0115/173010:WARNING:raw_channel_win.cc(471)] WriteFile: 管道正在被关闭。 (0xE8)
[0115/173010:WARNING:channel.cc(553)] Failed to send message to ack remove remote endpoint (local ID 1, remote ID 1)
[0116/171501:ERROR:renderer_main.cc(212)] Running without renderer sandbox
[0116/172004:ERROR:renderer_main.cc(212)] Running without renderer sandbox
[0116/172542:ERROR:renderer_main.cc(212)] Running without renderer sandbox
[0116/180129:ERROR:renderer_main.cc(212)] Running without renderer sandbox
[0116/182649:ERROR:renderer_main.cc(212)] Running without renderer sandbox
[0116/183111:ERROR:renderer_main.cc(212)] Running without renderer sandbox
[0116/185008:ERROR:renderer_main.cc(212)] Running without renderer sandbox
[0116/192536:ERROR:renderer_main.cc(212)] Running without renderer sandbox
[0116/214857:ERROR:renderer_main.cc(212)] Running without renderer sandbox
[0116/220119:ERROR:renderer_main.cc(212)] Running without renderer sandbox
[0116/221426:ERROR:renderer_main.cc(212)] Running without renderer sandbox
[0116/222547:ERROR:renderer_main.cc(212)] Running without renderer sandbox
[0116/222549:ERROR:renderer_main.cc(212)] Running without renderer sandbox
[0116/222642:ERROR:renderer_main.cc(212)] Running without renderer sandbox
[0116/230849:ERROR:renderer_main.cc(212)] Running without renderer sandbox
[0116/232634:ERROR:renderer_main.cc(212)] Running without renderer sandbox
[0116/234104:ERROR:renderer_main.cc(212)] Running without renderer sandbox
[0116/234411:WARNING:raw_channel_win.cc(471)] WriteFile: 管道正在被关闭。 (0xE8)
[0116/234411:WARNING:channel.cc(553)] Failed to send message to ack remove remote endpoint (local ID 1, remote ID 1)
[0116/235510:ERROR:renderer_main.cc(212)] Running without renderer sandbox
[0117/000304:ERROR:renderer_main.cc(212)] Running without renderer sandbox
[0118/211035:ERROR:renderer_main.cc(212)] Running without renderer sandbox
[0119/105031:ERROR:renderer_main.cc(212)] Running without renderer sandbox
[0119/134609:ERROR:renderer_main.cc(212)] Running without renderer sandbox
[0119/145718:ERROR:renderer_main.cc(212)] Running without renderer sandbox
[0119/152002:ERROR:renderer_main.cc(212)] Running without renderer sandbox
[0119/161253:ERROR:renderer_main.cc(212)] Running without renderer sandbox
[0119/162250:ERROR:renderer_main.cc(212)] Running without renderer sandbox
[0119/164153:ERROR:renderer_main.cc(212)] Running without renderer sandbox
[0120/082647:ERROR:renderer_main.cc(212)] Running without renderer sandbox
[0125/111841:ERROR:renderer_main.cc(212)] Running without renderer sandbox
[0125/112155:ERROR:renderer_main.cc(212)] Running without renderer sandbox
[0125/112301:WARNING:raw_channel_win.cc(471)] WriteFile: 管道正在被关闭。 (0xE8)
[0125/112301:WARNING:channel.cc(553)] Failed to send message to ack remove remote endpoint (local ID 1, remote ID 1)
[0125/112737:ERROR:renderer_main.cc(212)] Running without renderer sandbox
[0127/090121:ERROR:renderer_main.cc(212)] Running without renderer sandbox
[0127/090213:WARNING:raw_channel_win.cc(471)] WriteFile: 管道正在被关闭。 (0xE8)
[0127/090213:WARNING:channel.cc(553)] Failed to send message to ack remove remote endpoint (local ID 1, remote ID 1)
[0127/104327:ERROR:renderer_main.cc(212)] Running without renderer sandbox
[0129/133933:ERROR:renderer_main.cc(212)] Running without renderer sandbox
[0129/133936:ERROR:renderer_main.cc(212)] Running without renderer sandbox
[0129/133936:ERROR:renderer_main.cc(212)] Running without renderer sandbox
[0129/133937:ERROR:renderer_main.cc(212)] Running without renderer sandbox
[0129/140724:ERROR:renderer_main.cc(212)] Running without renderer sandbox
[0129/140908:WARNING:raw_channel_win.cc(471)] WriteFile: 管道正在被关闭。 (0xE8)
[0129/140908:WARNING:channel.cc(553)] Failed to send message to ack remove remote endpoint (local ID 1, remote ID 1)
[0129/141127:ERROR:renderer_main.cc(212)] Running without renderer sandbox
[0129/163120:ERROR:renderer_main.cc(212)] Running without renderer sandbox
[0129/164207:ERROR:renderer_main.cc(212)] Running without renderer sandbox
[0129/165028:ERROR:renderer_main.cc(212)] Running without renderer sandbox
[0129/165030:ERROR:renderer_main.cc(212)] Running without renderer sandbox
[0129/165034:ERROR:renderer_main.cc(212)] Running without renderer sandbox
[0129/165035:ERROR:renderer_main.cc(212)] Running without renderer sandbox
[0205/171210:ERROR:renderer_main.cc(212)] Running without renderer sandbox
[0205/171237:WARNING:raw_channel_win.cc(471)] WriteFile: 管道正在被关闭。 (0xE8)
[0205/171237:WARNING:channel.cc(553)] Failed to send message to ack remove remote endpoint (local ID 1, remote ID 1)
[0207/090742:ERROR:renderer_main.cc(212)] Running without renderer sandbox
[0207/110840:ERROR:renderer_main.cc(212)] Running without renderer sandbox
[0207/120114:ERROR:renderer_main.cc(212)] Running without renderer sandbox
[0207/131857:WARNING:raw_channel_win.cc(471)] WriteFile: 管道正在被关闭。 (0xE8)
[0207/131857:WARNING:channel.cc(553)] Failed to send message to ack remove remote endpoint (local ID 1, remote ID 1)
[0207/145747:ERROR:renderer_main.cc(212)] Running without renderer sandbox
[0209/085144:ERROR:renderer_main.cc(212)] Running without renderer sandbox
[0209/093300:ERROR:renderer_main.cc(212)] Running without renderer sandbox
[0219/172959:ERROR:renderer_main.cc(212)] Running without renderer sandbox
[0220/141954:ERROR:renderer_main.cc(212)] Running without renderer sandbox
[0222/101448:ERROR:renderer_main.cc(212)] Running without renderer sandbox
[0222/102802:ERROR:renderer_main.cc(212)] Running without renderer sandbox
[0222/105517:ERROR:renderer_main.cc(212)] Running without renderer sandbox
[0222/150312:ERROR:renderer_main.cc(212)] Running without renderer sandbox
[0222/172916:ERROR:renderer_main.cc(212)] Running without renderer sandbox
[0222/181728:ERROR:renderer_main.cc(212)] Running without renderer sandbox
[0222/181742:ERROR:ipc_channel_win.cc(412)] pipe error: 232
[0222/182307:ERROR:renderer_main.cc(212)] Running without renderer sandbox
